# JRE version: OpenJDK Runtime Environment (11.0.15) (build 11.0.15+0-b2043.56-9505619)
# Java VM: OpenJDK 64-Bit Server VM (11.0.15+0-b2043.56-9505619, mixed mode, tiered, compressed oops, g1 gc, windows-amd64)
Heap:
 garbage-first heap   total 239616K, used 161735K [0x0000000080000000, 0x0000000100000000)
  region size 1024K, 45 young (46080K), 5 survivors (5120K)
 Metaspace       used 97496K, capacity 100283K, committed 100656K, reserved 1136640K
  class space    used 12503K, capacity 13570K, committed 13696K, reserved 1048576K
GC Heap History (20 events):
Event: 16.404 GC heap before
{Heap before GC invocations=22 (full 0):
 garbage-first heap   total 165888K, used 133789K [0x0000000080000000, 0x0000000100000000)
  region size 1024K, 57 young (58368K), 4 survivors (4096K)
 Metaspace       used 84304K, capacity 86826K, committed 87088K, reserved 1124352K
  class space    used 11080K, capacity 12048K, committed 12160K, reserved 1048576K
}
Event: 16.414 GC heap after
{Heap after GC invocations=23 (full 0):
 garbage-first heap   total 165888K, used 83353K [0x0000000080000000, 0x0000000100000000)
  region size 1024K, 7 young (7168K), 7 survivors (7168K)
 Metaspace       used 84304K, capacity 86826K, committed 87088K, reserved 1124352K
  class space    used 11080K, capacity 12048K, committed 12160K, reserved 1048576K
}
Event: 17.214 GC heap before
{Heap before GC invocations=24 (full 0):
 garbage-first heap   total 165888K, used 135577K [0x0000000080000000, 0x0000000100000000)
  region size 1024K, 59 young (60416K), 7 survivors (7168K)
 Metaspace       used 87043K, capacity 89569K, committed 90160K, reserved 1126400K
  class space    used 11263K, capacity 12177K, committed 12416K, reserved 1048576K
}
Event: 17.222 GC heap after
{Heap after GC invocations=25 (full 0):
 garbage-first heap   total 165888K, used 86361K [0x0000000080000000, 0x0000000100000000)
  region size 1024K, 7 young (7168K), 7 survivors (7168K)
 Metaspace       used 87043K, capacity 89569K, committed 90160K, reserved 1126400K
  class space    used 11263K, capacity 12177K, committed 12416K, reserved 1048576K
}
Event: 17.403 GC heap before
{Heap before GC invocations=25 (full 0):
 garbage-first heap   total 165888K, used 105817K [0x0000000080000000, 0x0000000100000000)
  region size 1024K, 27 young (27648K), 7 survivors (7168K)
 Metaspace       used 87512K, capacity 89993K, committed 90416K, reserved 1128448K
  class space    used 11308K, capacity 12210K, committed 12416K, reserved 1048576K
}
Event: 17.412 GC heap after
{Heap after GC invocations=26 (full 0):
 garbage-first heap   total 165888K, used 87166K [0x0000000080000000, 0x0000000100000000)
  region size 1024K, 4 young (4096K), 4 survivors (4096K)
 Metaspace       used 87512K, capacity 89993K, committed 90416K, reserved 1128448K
  class space    used 11308K, capacity 12210K, committed 12416K, reserved 1048576K
}
Event: 17.965 GC heap before
{Heap before GC invocations=27 (full 0):
 garbage-first heap   total 165888K, used 138366K [0x0000000080000000, 0x0000000100000000)
  region size 1024K, 54 young (55296K), 4 survivors (4096K)
 Metaspace       used 91177K, capacity 93604K, committed 94000K, reserved 1130496K
  class space    used 11810K, capacity 12706K, committed 12928K, reserved 1048576K
}
Event: 17.971 GC heap after
{Heap after GC invocations=28 (full 0):
 garbage-first heap   total 199680K, used 86135K [0x0000000080000000, 0x0000000100000000)
  region size 1024K, 3 young (3072K), 3 survivors (3072K)
 Metaspace       used 91177K, capacity 93604K, committed 94000K, reserved 1130496K
  class space    used 11810K, capacity 12706K, committed 12928K, reserved 1048576K
}
Event: 18.558 GC heap before
{Heap before GC invocations=28 (full 0):
 garbage-first heap   total 199680K, used 158839K [0x0000000080000000, 0x0000000100000000)
  region size 1024K, 75 young (76800K), 3 survivors (3072K)
 Metaspace       used 91844K, capacity 94380K, committed 94768K, reserved 1130496K
  class space    used 11869K, capacity 12807K, committed 12928K, reserved 1048576K
}
Event: 18.568 GC heap after
{Heap after GC invocations=29 (full 0):
 garbage-first heap   total 199680K, used 91457K [0x0000000080000000, 0x0000000100000000)
  region size 1024K, 8 young (8192K), 8 survivors (8192K)
 Metaspace       used 91844K, capacity 94380K, committed 94768K, reserved 1130496K
  class space    used 11869K, capacity 12807K, committed 12928K, reserved 1048576K
}
Event: 18.993 GC heap before
{Heap before GC invocations=29 (full 0):
 garbage-first heap   total 199680K, used 161089K [0x0000000080000000, 0x0000000100000000)
  region size 1024K, 77 young (78848K), 8 survivors (8192K)
 Metaspace       used 92016K, capacity 94520K, committed 94768K, reserved 1130496K
  class space    used 11883K, capacity 12820K, committed 12928K, reserved 1048576K
}
Event: 19.003 GC heap after
{Heap after GC invocations=30 (full 0):
 garbage-first heap   total 199680K, used 95536K [0x0000000080000000, 0x0000000100000000)
  region size 1024K, 5 young (5120K), 5 survivors (5120K)
 Metaspace       used 92016K, capacity 94520K, committed 94768K, reserved 1130496K
  class space    used 11883K, capacity 12820K, committed 12928K, reserved 1048576K
}
Event: 22.264 GC heap before
{Heap before GC invocations=30 (full 0):
 garbage-first heap   total 199680K, used 163120K [0x0000000080000000, 0x0000000100000000)
  region size 1024K, 72 young (73728K), 5 survivors (5120K)
 Metaspace       used 93772K, capacity 96371K, committed 96432K, reserved 1132544K
  class space    used 12077K, capacity 13020K, committed 13056K, reserved 1048576K
}
Event: 22.289 GC heap after
{Heap after GC invocations=31 (full 0):
 garbage-first heap   total 199680K, used 102539K [0x0000000080000000, 0x0000000100000000)
  region size 1024K, 9 young (9216K), 9 survivors (9216K)
 Metaspace       used 93772K, capacity 96371K, committed 96432K, reserved 1132544K
  class space    used 12077K, capacity 13020K, committed 13056K, reserved 1048576K
}
Event: 22.696 GC heap before
{Heap before GC invocations=32 (full 0):
 garbage-first heap   total 199680K, used 163979K [0x0000000080000000, 0x0000000100000000)
  region size 1024K, 70 young (71680K), 9 survivors (9216K)
 Metaspace       used 94166K, capacity 96685K, committed 96816K, reserved 1132544K
  class space    used 12112K, capacity 13060K, committed 13184K, reserved 1048576K
}
Event: 22.709 GC heap after
{Heap after GC invocations=33 (full 0):
 garbage-first heap   total 199680K, used 104710K [0x0000000080000000, 0x0000000100000000)
  region size 1024K, 3 young (3072K), 3 survivors (3072K)
 Metaspace       used 94166K, capacity 96685K, committed 96816K, reserved 1132544K
  class space    used 12112K, capacity 13060K, committed 13184K, reserved 1048576K
}
Event: 23.328 GC heap before
{Heap before GC invocations=33 (full 0):
 garbage-first heap   total 199680K, used 137478K [0x0000000080000000, 0x0000000100000000)
  region size 1024K, 37 young (37888K), 3 survivors (3072K)
 Metaspace       used 95979K, capacity 98701K, committed 98864K, reserved 1134592K
  class space    used 12334K, capacity 13363K, committed 13440K, reserved 1048576K
}
Event: 23.335 GC heap after
{Heap after GC invocations=34 (full 0):
 garbage-first heap   total 239616K, used 106200K [0x0000000080000000, 0x0000000100000000)
  region size 1024K, 5 young (5120K), 5 survivors (5120K)
 Metaspace       used 95979K, capacity 98701K, committed 98864K, reserved 1134592K
  class space    used 12334K, capacity 13363K, committed 13440K, reserved 1048576K
}
Event: 23.655 GC heap before
{Heap before GC invocations=35 (full 0):
 garbage-first heap   total 239616K, used 146136K [0x0000000080000000, 0x0000000100000000)
  region size 1024K, 9 young (9216K), 5 survivors (5120K)
 Metaspace       used 96298K, capacity 98987K, committed 99120K, reserved 1134592K
  class space    used 12369K, capacity 13369K, committed 13440K, reserved 1048576K
}
Event: 23.664 GC heap after
{Heap after GC invocations=36 (full 0):
 garbage-first heap   total 239616K, used 106439K [0x0000000080000000, 0x0000000100000000)
  region size 1024K, 5 young (5120K), 5 survivors (5120K)
 Metaspace       used 96298K, capacity 98987K, committed 99120K, reserved 1134592K
  class space    used 12369K, capacity 13369K, committed 13440K, reserved 1048576K
}

